{
    "status": {
        "timestamp": "2021-01-04T12:41:19.160Z",
        "error_code": 0,
        "error_message": null,
        "elapsed": 14,
        "credit_count": 1,
        "notice": null,
        "total_count": 4160
    },
    "data": [
        {
            "id": 1,
            "name": "Bitcoin",
            "symbol": "BTC",
            "slug": "bitcoin",
            "num_market_pairs": 9757,
            "date_added": "2013-04-28T00:00:00.000Z",
            "tags": [
                "mineable",
                "pow",
                "sha-256",
                "store-of-value",
                "state-channels"
            ],
            "max_supply": 21000000,
            "circulating_supply": 18590381,
            "total_supply": 18590381,
            "platform": null,
            "cmc_rank": 1,
            "last_updated": "2021-01-04T12:39:02.000Z",
            "quote": {
                "AUD": {
                    "price": 40508.49755716347,
                    "volume_24h": 130158678544.94879,
                    "percent_change_1h": 5.67982734,
                    "percent_change_24h": -8.38492964,
                    "percent_change_7d": 13.37008188,
                    "market_cap": 753068403325.2383,
                    "last_updated": "2021-01-04T12:41:02.000Z"
                }
            }
        },
        {
            "id": 1027,
            "name": "Ethereum",
            "symbol": "ETH",
            "slug": "ethereum",
            "num_market_pairs": 5949,
            "date_added": "2015-08-07T00:00:00.000Z",
            "tags": [
                "mineable",
                "pow",
                "smart-contracts"
            ],
            "max_supply": null,
            "circulating_supply": 114112488.5615,
            "total_supply": 114112488.5615,
            "platform": null,
            "cmc_rank": 2,
            "last_updated": "2021-01-04T12:40:02.000Z",
            "quote": {
                "AUD": {
                    "price": 1292.6407279374096,
                    "volume_24h": 101230751615.28305,
                    "percent_change_1h": 6.04729796,
                    "percent_change_24h": 19.63470881,
                    "percent_change_7d": 32.90102619,
                    "market_cap": 147506450280.8867,
                    "last_updated": "2021-01-04T12:41:02.000Z"
                }
            }
        },
        {
            "id": 825,
            "name": "Tether",
            "symbol": "USDT",
            "slug": "tether",
            "num_market_pairs": 9769,
            "date_added": "2015-02-25T00:00:00.000Z",
            "tags": [
                "store-of-value",
                "payments",
                "stablecoin",
                "stablecoin-asset-backed"
            ],
            "max_supply": null,
            "circulating_supply": 21329136250.15833,
            "total_supply": 21983323925.552525,
            "platform": {
                "id": 1027,
                "name": "Ethereum",
                "symbol": "ETH",
                "slug": "ethereum",
                "token_address": "0xdac17f958d2ee523a2206206994597c13d831ec7"
            },
            "cmc_rank": 3,
            "last_updated": "2021-01-04T12:40:08.000Z",
            "quote": {
                "AUD": {
                    "price": 1.2965939546367946,
                    "volume_24h": 216849829648.62106,
                    "percent_change_1h": -0.06213921,
                    "percent_change_24h": -0.67022309,
                    "percent_change_7d": -3.00813128,
                    "market_cap": 27655229119.5798,
                    "last_updated": "2021-01-04T12:41:02.000Z"
                }
            }
        },
        {
            "id": 52,
            "name": "XRP",
            "symbol": "XRP",
            "slug": "xrp",
            "num_market_pairs": 684,
            "date_added": "2013-08-04T00:00:00.000Z",
            "tags": [
                "medium-of-exchange",
                "enterprise-solutions",
                "binance-chain"
            ],
            "max_supply": 100000000000,
            "circulating_supply": 45404028640,
            "total_supply": 99990831162,
            "platform": null,
            "cmc_rank": 4,
            "last_updated": "2021-01-04T12:41:03.000Z",
            "quote": {
                "AUD": {
                    "price": 0.29799861160335217,
                    "volume_24h": 7752808680.573762,
                    "percent_change_1h": 1.81194828,
                    "percent_change_24h": 1.92714793,
                    "percent_change_7d": -24.90287451,
                    "market_cap": 13530337495.918839,
                    "last_updated": "2021-01-04T12:41:02.000Z"
                }
            }
        },
        {
            "id": 2,
            "name": "Litecoin",
            "symbol": "LTC",
            "slug": "litecoin",
            "num_market_pairs": 748,
            "date_added": "2013-04-28T00:00:00.000Z",
            "tags": [
                "mineable",
                "pow",
                "scrypt",
                "medium-of-exchange",
                "binance-chain"
            ],
            "max_supply": 84000000,
            "circulating_supply": 66238892.91134237,
            "total_supply": 66238892.91134237,
            "platform": null,
            "cmc_rank": 5,
            "last_updated": "2021-01-04T12:41:03.000Z",
            "quote": {
                "AUD": {
                    "price": 200.36634373920091,
                    "volume_24h": 24370637888.54317,
                    "percent_change_1h": 4.50029991,
                    "percent_change_24h": 0.22818349,
                    "percent_change_7d": 11.80820347,
                    "market_cap": 13272044785.978144,
                    "last_updated": "2021-01-04T12:41:02.000Z"
                }
            }
        },
        {
            "id": 6636,
            "name": "Polkadot",
            "symbol": "DOT",
            "slug": "polkadot-new",
            "num_market_pairs": 110,
            "date_added": "2020-08-19T00:00:00.000Z",
            "tags": [
                "substrate",
                "polkadot",
                "binance-chain"
            ],
            "max_supply": null,
            "circulating_supply": 896608387.2754031,
            "total_supply": 1030667593.9663732,
            "platform": null,
            "cmc_rank": 6,
            "last_updated": "2021-01-04T12:40:08.000Z",
            "quote": {
                "AUD": {
                    "price": 12.12078654778198,
                    "volume_24h": 4644312327.4856615,
                    "percent_change_1h": 1.48572075,
                    "percent_change_24h": 0.27350586,
                    "percent_change_7d": 57.09044047,
                    "market_cap": 10867598879.116203,
                    "last_updated": "2021-01-04T12:41:02.000Z"
                }
            }
        },
        {
            "id": 1831,
            "name": "Bitcoin Cash",
            "symbol": "BCH",
            "slug": "bitcoin-cash",
            "num_market_pairs": 593,
            "date_added": "2017-07-23T00:00:00.000Z",
            "tags": [
                "mineable",
                "marketplace",
                "enterprise-solutions",
                "binance-chain"
            ],
            "max_supply": 21000000,
            "circulating_supply": 18600862.5,
            "total_supply": 18600862.5,
            "platform": null,
            "cmc_rank": 7,
            "last_updated": "2021-01-04T12:40:08.000Z",
            "quote": {
                "AUD": {
                    "price": 527.5573603574013,
                    "volume_24h": 10681044348.111074,
                    "percent_change_1h": 1.93131585,
                    "percent_change_24h": 3.33059473,
                    "percent_change_7d": 7.80777469,
                    "market_cap": 9813021920.870972,
                    "last_updated": "2021-01-04T12:41:02.000Z"
                }
            }
        },
        {
            "id": 2010,
            "name": "Cardano",
            "symbol": "ADA",
            "slug": "cardano",
            "num_market_pairs": 223,
            "date_added": "2017-10-01T00:00:00.000Z",
            "tags": [
                "mineable",
                "platform",
                "research",
                "smart-contracts",
                "binance-chain"
            ],
            "max_supply": 45000000000,
            "circulating_supply": 31112484646,
            "total_supply": 45000000000,
            "platform": null,
            "cmc_rank": 8,
            "last_updated": "2021-01-04T12:40:10.000Z",
            "quote": {
                "AUD": {
                    "price": 0.27657986707778653,
                    "volume_24h": 4474134570.382657,
                    "percent_change_1h": 5.6713294,
                    "percent_change_24h": 10.51339551,
                    "percent_change_7d": 24.18177908,
                    "market_cap": 8605086867.850353,
                    "last_updated": "2021-01-04T12:41:02.000Z"
                }
            }
        },
        {
            "id": 1839,
            "name": "Binance Coin",
            "symbol": "BNB",
            "slug": "binance-coin",
            "num_market_pairs": 465,
            "date_added": "2017-07-25T00:00:00.000Z",
            "tags": [
                "marketplace",
                "payments"
            ],
            "max_supply": 176406561,
            "circulating_supply": 144406560.9,
            "total_supply": 176406560.9,
            "platform": null,
            "cmc_rank": 9,
            "last_updated": "2021-01-04T12:40:08.000Z",
            "quote": {
                "AUD": {
                    "price": 51.37734682885043,
                    "volume_24h": 1207045391.769304,
                    "percent_change_1h": 1.62297278,
                    "percent_change_24h": 0.84934527,
                    "percent_change_7d": 8.6340296,
                    "market_cap": 7419225963.720811,
                    "last_updated": "2021-01-04T12:41:02.000Z"
                }
            }
        },
        {
            "id": 1975,
            "name": "Chainlink",
            "symbol": "LINK",
            "slug": "chainlink",
            "num_market_pairs": 429,
            "date_added": "2017-09-20T00:00:00.000Z",
            "tags": [
                "platform",
                "defi",
                "oracles",
                "smart-contracts",
                "substrate",
                "polkadot"
            ],
            "max_supply": 1000000000,
            "circulating_supply": 399509556.4344445,
            "total_supply": 1000000000,
            "platform": {
                "id": 1027,
                "name": "Ethereum",
                "symbol": "ETH",
                "slug": "ethereum",
                "token_address": "0x514910771af9ca656af840dff83e8264ecf986ca"
            },
            "cmc_rank": 10,
            "last_updated": "2021-01-04T12:40:10.000Z",
            "quote": {
                "AUD": {
                    "price": 17.530317242690437,
                    "volume_24h": 4336849618.627965,
                    "percent_change_1h": 3.74008288,
                    "percent_change_24h": 5.81842549,
                    "percent_change_7d": 5.72652682,
                    "market_cap": 7003529265.782351,
                    "last_updated": "2021-01-04T12:41:02.000Z"
                }
            }
        }
    ]
}