{
    "status": {
        "timestamp": "2021-01-18T06:44:50.775Z",
        "error_code": 0,
        "error_message": null,
        "elapsed": 18,
        "credit_count": 1,
        "notice": null,
        "total_count": 4089
    },
    "data": [
        {
            "id": 1,
            "name": "Bitcoin",
            "symbol": "BTC",
            "slug": "bitcoin",
            "num_market_pairs": 9831,
            "date_added": "2013-04-28T00:00:00.000Z",
            "tags": [
                "mineable",
                "pow",
                "sha-256",
                "store-of-value",
                "state-channels"
            ],
            "max_supply": 21000000,
            "circulating_supply": 18603550,
            "total_supply": 18603550,
            "platform": null,
            "cmc_rank": 1,
            "last_updated": "2021-01-18T06:43:02.000Z",
            "quote": {
                "AUD": {
                    "price": 45746.658709914416,
                    "volume_24h": 68077904176.75187,
                    "percent_change_1h": 0.23025675,
                    "percent_change_24h": -2.3848318,
                    "percent_change_7d": -2.76046129,
                    "market_cap": 851050252642.8284,
                    "last_updated": "2021-01-18T06:44:04.000Z"
                }
            }
        },
        {
            "id": 1027,
            "name": "Ethereum",
            "symbol": "ETH",
            "slug": "ethereum",
            "num_market_pairs": 6062,
            "date_added": "2015-08-07T00:00:00.000Z",
            "tags": [
                "mineable",
                "pow",
                "smart-contracts"
            ],
            "max_supply": null,
            "circulating_supply": 114298590.4365,
            "total_supply": 114298590.4365,
            "platform": null,
            "cmc_rank": 2,
            "last_updated": "2021-01-18T06:43:02.000Z",
            "quote": {
                "AUD": {
                    "price": 1559.944633089522,
                    "volume_24h": 38193721745.32314,
                    "percent_change_1h": 0.13933519,
                    "percent_change_24h": -2.61332599,
                    "percent_change_7d": 4.82873803,
                    "market_cap": 178299472721.11554,
                    "last_updated": "2021-01-18T06:44:04.000Z"
                }
            }
        },
        {
            "id": 825,
            "name": "Tether",
            "symbol": "USDT",
            "slug": "tether",
            "num_market_pairs": 10062,
            "date_added": "2015-02-25T00:00:00.000Z",
            "tags": [
                "store-of-value",
                "payments",
                "stablecoin",
                "stablecoin-asset-backed"
            ],
            "max_supply": null,
            "circulating_supply": 24352132870.48553,
            "total_supply": 25131104623.125328,
            "platform": {
                "id": 1027,
                "name": "Ethereum",
                "symbol": "ETH",
                "slug": "ethereum",
                "token_address": "0xdac17f958d2ee523a2206206994597c13d831ec7"
            },
            "cmc_rank": 3,
            "last_updated": "2021-01-18T06:43:07.000Z",
            "quote": {
                "AUD": {
                    "price": 1.3019189840657626,
                    "volume_24h": 116379668136.48701,
                    "percent_change_1h": -0.14280285,
                    "percent_change_24h": -0.61799466,
                    "percent_change_7d": -3.17801684,
                    "market_cap": 31704504086.57699,
                    "last_updated": "2021-01-18T06:44:04.000Z"
                }
            }
        },
        {
            "id": 6636,
            "name": "Polkadot",
            "symbol": "DOT",
            "slug": "polkadot-new",
            "num_market_pairs": 114,
            "date_added": "2020-08-19T00:00:00.000Z",
            "tags": [
                "substrate",
                "polkadot",
                "binance-chain"
            ],
            "max_supply": null,
            "circulating_supply": 901271603.6484712,
            "total_supply": 1035330821.3394412,
            "platform": null,
            "cmc_rank": 4,
            "last_updated": "2021-01-18T06:44:05.000Z",
            "quote": {
                "AUD": {
                    "price": 22.559931297401867,
                    "volume_24h": 7095263048.009537,
                    "percent_change_1h": 0.09538109,
                    "percent_change_24h": 0.42828183,
                    "percent_change_7d": 112.25134967,
                    "market_cap": 20332625458.608715,
                    "last_updated": "2021-01-18T06:44:04.000Z"
                }
            }
        },
        {
            "id": 52,
            "name": "XRP",
            "symbol": "XRP",
            "slug": "xrp",
            "num_market_pairs": 680,
            "date_added": "2013-08-04T00:00:00.000Z",
            "tags": [
                "medium-of-exchange",
                "enterprise-solutions",
                "binance-chain"
            ],
            "max_supply": 100000000000,
            "circulating_supply": 45404028640,
            "total_supply": 99990831162,
            "platform": null,
            "cmc_rank": 5,
            "last_updated": "2021-01-18T06:44:02.000Z",
            "quote": {
                "AUD": {
                    "price": 0.35654306080548953,
                    "volume_24h": 4209704278.133198,
                    "percent_change_1h": -0.0098576,
                    "percent_change_24h": -2.48970666,
                    "percent_change_7d": -5.33601086,
                    "market_cap": 16188491344.205708,
                    "last_updated": "2021-01-18T06:44:04.000Z"
                }
            }
        },
        {
            "id": 2010,
            "name": "Cardano",
            "symbol": "ADA",
            "slug": "cardano",
            "num_market_pairs": 221,
            "date_added": "2017-10-01T00:00:00.000Z",
            "tags": [
                "mineable",
                "dpos",
                "pos",
                "platform",
                "research",
                "smart-contracts",
                "staking",
                "binance-chain"
            ],
            "max_supply": 45000000000,
            "circulating_supply": 31112484646,
            "total_supply": 45000000000,
            "platform": null,
            "cmc_rank": 6,
            "last_updated": "2021-01-18T06:43:08.000Z",
            "quote": {
                "AUD": {
                    "price": 0.48826262599878006,
                    "volume_24h": 6822818267.662917,
                    "percent_change_1h": 0.48463393,
                    "percent_change_24h": 1.02201899,
                    "percent_change_7d": 32.58828563,
                    "market_cap": 15191063454.602686,
                    "last_updated": "2021-01-18T06:44:04.000Z"
                }
            }
        },
        {
            "id": 2,
            "name": "Litecoin",
            "symbol": "LTC",
            "slug": "litecoin",
            "num_market_pairs": 744,
            "date_added": "2013-04-28T00:00:00.000Z",
            "tags": [
                "mineable",
                "pow",
                "scrypt",
                "medium-of-exchange",
                "binance-chain"
            ],
            "max_supply": 84000000,
            "circulating_supply": 66303816.05005994,
            "total_supply": 66303816.05005994,
            "platform": null,
            "cmc_rank": 7,
            "last_updated": "2021-01-18T06:44:02.000Z",
            "quote": {
                "AUD": {
                    "price": 181.94613138323598,
                    "volume_24h": 7654172228.907119,
                    "percent_change_1h": 0.08417456,
                    "percent_change_24h": -2.41130372,
                    "percent_change_7d": -5.73644034,
                    "market_cap": 12063722826.254116,
                    "last_updated": "2021-01-18T06:44:04.000Z"
                }
            }
        },
        {
            "id": 1975,
            "name": "Chainlink",
            "symbol": "LINK",
            "slug": "chainlink",
            "num_market_pairs": 434,
            "date_added": "2017-09-20T00:00:00.000Z",
            "tags": [
                "platform",
                "defi",
                "oracles",
                "smart-contracts",
                "substrate",
                "polkadot"
            ],
            "max_supply": 1000000000,
            "circulating_supply": 401509556.4344444,
            "total_supply": 1000000000,
            "platform": {
                "id": 1027,
                "name": "Ethereum",
                "symbol": "ETH",
                "slug": "ethereum",
                "token_address": "0x514910771af9ca656af840dff83e8264ecf986ca"
            },
            "cmc_rank": 8,
            "last_updated": "2021-01-18T06:43:08.000Z",
            "quote": {
                "AUD": {
                    "price": 28.92500830988098,
                    "volume_24h": 6396942910.39343,
                    "percent_change_1h": 0.22011644,
                    "percent_change_24h": 8.13706522,
                    "percent_change_7d": 47.16469915,
                    "market_cap": 11613667256.36293,
                    "last_updated": "2021-01-18T06:44:04.000Z"
                }
            }
        },
        {
            "id": 1831,
            "name": "Bitcoin Cash",
            "symbol": "BCH",
            "slug": "bitcoin-cash",
            "num_market_pairs": 593,
            "date_added": "2017-07-23T00:00:00.000Z",
            "tags": [
                "mineable",
                "marketplace",
                "enterprise-solutions",
                "binance-chain"
            ],
            "max_supply": 21000000,
            "circulating_supply": 18630456.25,
            "total_supply": 18630456.25,
            "platform": null,
            "cmc_rank": 9,
            "last_updated": "2021-01-18T06:43:07.000Z",
            "quote": {
                "AUD": {
                    "price": 616.0140094064081,
                    "volume_24h": 5627313312.739578,
                    "percent_change_1h": -0.01234954,
                    "percent_change_24h": -2.24284409,
                    "percent_change_7d": -9.69737577,
                    "market_cap": 11476622051.633175,
                    "last_updated": "2021-01-18T06:44:04.000Z"
                }
            }
        },
        {
            "id": 512,
            "name": "Stellar",
            "symbol": "XLM",
            "slug": "stellar",
            "num_market_pairs": 335,
            "date_added": "2014-08-05T00:00:00.000Z",
            "tags": [
                "medium-of-exchange",
                "enterprise-solutions",
                "decentralized-exchange",
                "smart-contracts"
            ],
            "max_supply": 50001806812,
            "circulating_supply": 22095601010.959892,
            "total_supply": 50001803555.87172,
            "platform": null,
            "cmc_rank": 10,
            "last_updated": "2021-01-18T06:44:05.000Z",
            "quote": {
                "AUD": {
                    "price": 0.38835304717038727,
                    "volume_24h": 1886278390.583037,
                    "percent_change_1h": 0.58338256,
                    "percent_change_24h": -2.38449423,
                    "percent_change_7d": 13.89260045,
                    "market_cap": 8580893981.667363,
                    "last_updated": "2021-01-18T06:44:04.000Z"
                }
            }
        },
        {
            "id": 1839,
            "name": "Binance Coin",
            "symbol": "BNB",
            "slug": "binance-coin",
            "num_market_pairs": 455,
            "date_added": "2017-07-25T00:00:00.000Z",
            "tags": [
                "marketplace",
                "payments"
            ],
            "max_supply": 174152673,
            "circulating_supply": 142406561,
            "total_supply": 174152673,
            "platform": null,
            "cmc_rank": 11,
            "last_updated": "2021-01-18T06:43:07.000Z",
            "quote": {
                "AUD": {
                    "price": 59.34130954564639,
                    "volume_24h": 855490459.6867218,
                    "percent_change_1h": 0.67137951,
                    "percent_change_24h": 6.1920016,
                    "percent_change_7d": 11.27331211,
                    "market_cap": 8450591817.631974,
                    "last_updated": "2021-01-18T06:44:04.000Z"
                }
            }
        },
        {
            "id": 3408,
            "name": "USD Coin",
            "symbol": "USDC",
            "slug": "usd-coin",
            "num_market_pairs": 689,
            "date_added": "2018-10-08T00:00:00.000Z",
            "tags": [
                "medium-of-exchange",
                "stablecoin",
                "stablecoin-asset-backed"
            ],
            "max_supply": null,
            "circulating_supply": 5058988045.991311,
            "total_supply": 5074579631.846146,
            "platform": {
                "id": 1027,
                "name": "Ethereum",
                "symbol": "ETH",
                "slug": "ethereum",
                "token_address": "0xa0b86991c6218b36c1d19d4a2e9eb0ce3606eb48"
            },
            "cmc_rank": 12,
            "last_updated": "2021-01-18T06:44:04.000Z",
            "quote": {
                "AUD": {
                    "price": 1.3018417590663212,
                    "volume_24h": 1876510406.0570168,
                    "percent_change_1h": -0.14484673,
                    "percent_change_24h": -0.59651717,
                    "percent_change_7d": -3.23063799,
                    "market_cap": 6586001896.88882,
                    "last_updated": "2021-01-18T06:44:04.000Z"
                }
            }
        },
        {
            "id": 3717,
            "name": "Wrapped Bitcoin",
            "symbol": "WBTC",
            "slug": "wrapped-bitcoin",
            "num_market_pairs": 100,
            "date_added": "2019-01-30T00:00:00.000Z",
            "tags": [
                "medium-of-exchange",
                "defi",
                "stablecoin",
                "stablecoin-asset-backed"
            ],
            "max_supply": null,
            "circulating_supply": 110872.66526911,
            "total_supply": 110872.66526911,
            "platform": {
                "id": 1027,
                "name": "Ethereum",
                "symbol": "ETH",
                "slug": "ethereum",
                "token_address": "0x2260fac5e5542a773aa44fbcfedf7c193bc2c599"
            },
            "cmc_rank": 13,
            "last_updated": "2021-01-18T06:44:06.000Z",
            "quote": {
                "AUD": {
                    "price": 45741.36557237273,
                    "volume_24h": 136157171.20847994,
                    "percent_change_1h": 0.0780525,
                    "percent_change_24h": -2.19172052,
                    "percent_change_7d": -2.6852141,
                    "market_cap": 5071467114.057673,
                    "last_updated": "2021-01-18T06:44:04.000Z"
                }
            }
        },
        {
            "id": 3602,
            "name": "Bitcoin SV",
            "symbol": "BSV",
            "slug": "bitcoin-sv",
            "num_market_pairs": 217,
            "date_added": "2018-11-09T00:00:00.000Z",
            "tags": [
                "mineable",
                "pow",
                "sha-256",
                "medium-of-exchange",
                "store-of-value",
                "state-channels"
            ],
            "max_supply": 21000000,
            "circulating_supply": 18628057.89423905,
            "total_supply": 18628057.89423905,
            "platform": null,
            "cmc_rank": 14,
            "last_updated": "2021-01-18T06:44:06.000Z",
            "quote": {
                "AUD": {
                    "price": 265.1798067087718,
                    "volume_24h": 1298706025.67865,
                    "percent_change_1h": 2.10167342,
                    "percent_change_24h": -0.12808887,
                    "percent_change_7d": -1.82089135,
                    "market_cap": 4939784791.754122,
                    "last_updated": "2021-01-18T06:44:04.000Z"
                }
            }
        },
        {
            "id": 328,
            "name": "Monero",
            "symbol": "XMR",
            "slug": "monero",
            "num_market_pairs": 187,
            "date_added": "2014-05-21T00:00:00.000Z",
            "tags": [
                "mineable",
                "pow",
                "medium-of-exchange",
                "ringct"
            ],
            "max_supply": null,
            "circulating_supply": 17816135.10349421,
            "total_supply": 17816135.10349421,
            "platform": null,
            "cmc_rank": 15,
            "last_updated": "2021-01-18T06:44:04.000Z",
            "quote": {
                "AUD": {
                    "price": 199.39824199539706,
                    "volume_24h": 1846807245.706999,
                    "percent_change_1h": -0.1788403,
                    "percent_change_24h": -2.24489551,
                    "percent_change_7d": -4.12333499,
                    "market_cap": 3552506018.7892265,
                    "last_updated": "2021-01-18T06:44:04.000Z"
                }
            }
        },
        {
            "id": 1765,
            "name": "EOS",
            "symbol": "EOS",
            "slug": "eos",
            "num_market_pairs": 475,
            "date_added": "2017-07-01T00:00:00.000Z",
            "tags": [
                "medium-of-exchange",
                "enterprise-solutions",
                "smart-contracts",
                "binance-chain"
            ],
            "max_supply": null,
            "circulating_supply": 939570889.1159,
            "total_supply": 1026270900.4961,
            "platform": null,
            "cmc_rank": 16,
            "last_updated": "2021-01-18T06:43:06.000Z",
            "quote": {
                "AUD": {
                    "price": 3.537659206773813,
                    "volume_24h": 2883965986.5448513,
                    "percent_change_1h": 0.09655584,
                    "percent_change_24h": -2.00929147,
                    "percent_change_7d": -5.98470085,
                    "market_cap": 3323881606.2975206,
                    "last_updated": "2021-01-18T06:44:04.000Z"
                }
            }
        },
        {
            "id": 7083,
            "name": "Uniswap",
            "symbol": "UNI",
            "slug": "uniswap",
            "num_market_pairs": 182,
            "date_added": "2020-09-17T00:00:00.000Z",
            "tags": [
                "defi",
                "amm"
            ],
            "max_supply": 1000000000,
            "circulating_supply": 277363060.5898798,
            "total_supply": 1000000000,
            "platform": {
                "id": 1027,
                "name": "Ethereum",
                "symbol": "ETH",
                "slug": "ethereum",
                "token_address": "0x1f9840a85d5af5bf1d1762f925bdaddc4201f984"
            },
            "cmc_rank": 17,
            "last_updated": "2021-01-18T06:43:07.000Z",
            "quote": {
                "AUD": {
                    "price": 11.128372088552025,
                    "volume_24h": 3471326643.0100245,
                    "percent_change_1h": 1.38723095,
                    "percent_change_24h": -0.57035967,
                    "percent_change_7d": 52.40676923,
                    "market_cap": 3086599341.8637824,
                    "last_updated": "2021-01-18T06:44:04.000Z"
                }
            }
        },
        {
            "id": 7278,
            "name": "Aave",
            "symbol": "AAVE",
            "slug": "aave",
            "num_market_pairs": 144,
            "date_added": "2020-10-02T00:00:00.000Z",
            "tags": [
                "defi"
            ],
            "max_supply": 16000000,
            "circulating_supply": 12247323.95717235,
            "total_supply": 16000000,
            "platform": {
                "id": 1027,
                "name": "Ethereum",
                "symbol": "ETH",
                "slug": "ethereum",
                "token_address": "0x7Fc66500c84A76Ad7e9c93437bFc5Ac33E2DDaE9"
            },
            "cmc_rank": 18,
            "last_updated": "2021-01-18T06:44:03.000Z",
            "quote": {
                "AUD": {
                    "price": 245.540931281755,
                    "volume_24h": 765554363.7378424,
                    "percent_change_1h": 2.83913069,
                    "percent_change_24h": 1.69392179,
                    "percent_change_7d": 64.21686661,
                    "market_cap": 3007219330.1534476,
                    "last_updated": "2021-01-18T06:44:04.000Z"
                }
            }
        },
        {
            "id": 2011,
            "name": "Tezos",
            "symbol": "XTZ",
            "slug": "tezos",
            "num_market_pairs": 160,
            "date_added": "2017-10-06T00:00:00.000Z",
            "tags": [
                "platform",
                "enterprise-solutions",
                "smart-contracts",
                "binance-chain"
            ],
            "max_supply": null,
            "circulating_supply": 757135004.964199,
            "total_supply": 757135004.964199,
            "platform": null,
            "cmc_rank": 19,
            "last_updated": "2021-01-18T06:43:08.000Z",
            "quote": {
                "AUD": {
                    "price": 3.778300877652052,
                    "volume_24h": 583980698.1391989,
                    "percent_change_1h": 0.90018003,
                    "percent_change_24h": 0.52855235,
                    "percent_change_7d": 15.29891058,
                    "market_cap": 2860683853.757324,
                    "last_updated": "2021-01-18T06:44:04.000Z"
                }
            }
        },
        {
            "id": 1958,
            "name": "TRON",
            "symbol": "TRX",
            "slug": "tron",
            "num_market_pairs": 492,
            "date_added": "2017-09-13T00:00:00.000Z",
            "tags": [
                "media",
                "payments"
            ],
            "max_supply": null,
            "circulating_supply": 71659657369.49,
            "total_supply": 100850743811.66246,
            "platform": null,
            "cmc_rank": 20,
            "last_updated": "2021-01-18T06:43:09.000Z",
            "quote": {
                "AUD": {
                    "price": 0.03908602226617868,
                    "volume_24h": 1322395768.6729763,
                    "percent_change_1h": 0.58126965,
                    "percent_change_24h": -0.65335551,
                    "percent_change_7d": -2.73867396,
                    "market_cap": 2800890963.530621,
                    "last_updated": "2021-01-18T06:44:04.000Z"
                }
            }
        }
    ]
}