{
    "status": {
        "timestamp": "2021-01-16T10:12:43.967Z",
        "error_code": 0,
        "error_message": null,
        "elapsed": 13,
        "credit_count": 1,
        "notice": null
    },
    "data": {
        "AAVE": {
            "id": 7278,
            "name": "Aave",
            "symbol": "AAVE",
            "category": "token",
            "description": "Aave (AAVE) is a cryptocurrency and operates on the Ethereum platform. Aave has a current supply of 16,000,000 with 12,233,882.04610221 in circulation. The last known price of Aave is 195.1797714 USD and is up 25.24 over the last 24 hours. It is currently trading on 144 active market(s) with $762,649,059.47 traded over the last 24 hours. More information can be found at https://aave.com/.",
            "slug": "aave",
            "logo": "https://s2.coinmarketcap.com/static/img/coins/64x64/7278.png",
            "subreddit": "Aave_Official",
            "notice": "[LEND](https://coinmarketcap.com/currencies/aave-old/) has migrated to [AAVE](https://coinmarketcap.com/currencies/aave) at a rate of 100 LEND per 1 AAVE. For more information, please see [Aave's announcement]( https://medium.com/aave/migration-and-staking-101-fe8fda3e2a30)",
            "tags": [
                "defi"
            ],
            "tag-names": [
                "DeFi"
            ],
            "tag-groups": [
                "PROPERTY"
            ],
            "urls": {
                "website": [
                    "https://aave.com/",
                    "https://ethlend.io"
                ],
                "twitter": [
                    "https://twitter.com/AaveAave"
                ],
                "message_board": [
                    "https://medium.com/aave"
                ],
                "chat": [
                    "https://aave.com/discord"
                ],
                "explorer": [
                    "https://etherscan.io/token/0x7fc66500c84a76ad7e9c93437bfc5ac33e2ddae9",
                    "https://ethplorer.io/address/0x7fc66500c84a76ad7e9c93437bfc5ac33e2ddae9"
                ],
                "reddit": [
                    "https://reddit.com/r/Aave_Official"
                ],
                "technical_doc": [
                    "https://github.com/aave/aave-protocol/blob/master/docs/Aave_Protocol_Whitepaper_v1_0.pdf"
                ],
                "source_code": [
                    "https://github.com/aave"
                ],
                "announcement": [
                    "https://bitcointalk.org/index.php?topic=2090735.0"
                ]
            },
            "platform": {
                "id": 1027,
                "name": "Ethereum",
                "symbol": "ETH",
                "slug": "ethereum",
                "token_address": "0x7Fc66500c84A76Ad7e9c93437bFc5Ac33E2DDaE9"
            },
            "date_added": "2020-10-02T00:00:00.000Z",
            "twitter_username": "AaveAave",
            "is_hidden": 0
        },
        "ADA": {
            "id": 2010,
            "name": "Cardano",
            "symbol": "ADA",
            "category": "coin",
            "description": "Cardano (ADA) is a cryptocurrency . Users are able to generate ADA through the process of mining. Cardano has a current supply of 45,000,000,000 with 31,112,484,646 in circulation. The last known price of Cardano is 0.33418827 USD and is up 5.68 over the last 24 hours. It is currently trading on 221 active market(s) with $3,024,217,032.45 traded over the last 24 hours. More information can be found at https://www.cardano.org.",
            "slug": "cardano",
            "logo": "https://s2.coinmarketcap.com/static/img/coins/64x64/2010.png",
            "subreddit": "cardano",
            "notice": "",
            "tags": [
                "mineable",
                "dpos",
                "pos",
                "platform",
                "research",
                "smart-contracts",
                "staking",
                "binance-chain"
            ],
            "tag-names": [
                "Mineable",
                "DPoS",
                "PoS",
                "Platform",
                "Research",
                "Smart Contracts",
                "Staking",
                "Binance Chain"
            ],
            "tag-groups": [
                "OTHER",
                "CONSENSUS_ALGORITHM",
                "CONSENSUS_ALGORITHM",
                "PROPERTY",
                "PROPERTY",
                "PROPERTY",
                "PROPERTY",
                "PLATFORM"
            ],
            "urls": {
                "website": [
                    "https://www.cardano.org"
                ],
                "twitter": [
                    "https://twitter.com/cardano"
                ],
                "message_board": [
                    "https://medium.com/feed/cardanorss",
                    "https://forum.cardano.org/"
                ],
                "chat": [
                    "https://t.me/Cardano"
                ],
                "explorer": [
                    "https://cardanoexplorer.com/",
                    "https://cardanoscan.io/",
                    "https://blockchair.com/cardano",
                    "https://bscscan.com/token/0x3ee2200efb3400fabb9aacf31297cbdd1d435d47",
                    "https://ada.tokenview.com/en"
                ],
                "reddit": [
                    "https://reddit.com/r/cardano"
                ],
                "technical_doc": [
                    "https://docs.cardano.org/en/latest/"
                ],
                "source_code": [
                    "https://cardanoupdates.com/"
                ],
                "announcement": [
                    "https://t.me/CardanoAnnouncements"
                ]
            },
            "platform": null,
            "date_added": "2017-10-01T00:00:00.000Z",
            "twitter_username": "cardano",
            "is_hidden": 0
        },
        "BCH": {
            "id": 1831,
            "name": "Bitcoin Cash",
            "symbol": "BCH",
            "category": "coin",
            "description": "Bitcoin Cash (BCH) is a cryptocurrency . Users are able to generate BCH through the process of mining. Bitcoin Cash has a current supply of 18,628,543.75. The last known price of Bitcoin Cash is 499.7779205 USD and is down -0.92 over the last 24 hours. It is currently trading on 593 active market(s) with $7,019,431,829.34 traded over the last 24 hours. More information can be found at http://bch.info.",
            "slug": "bitcoin-cash",
            "logo": "https://s2.coinmarketcap.com/static/img/coins/64x64/1831.png",
            "subreddit": "Bitcoincash",
            "notice": "",
            "tags": [
                "mineable",
                "marketplace",
                "enterprise-solutions",
                "binance-chain"
            ],
            "tag-names": [
                "Mineable",
                "Marketplace",
                "Enterprise solutions",
                "Binance Chain"
            ],
            "tag-groups": [
                "OTHER",
                "PROPERTY",
                "PROPERTY",
                "PLATFORM"
            ],
            "urls": {
                "website": [
                    "http://bch.info"
                ],
                "twitter": [],
                "message_board": [],
                "chat": [],
                "explorer": [
                    "https://explorer.bitcoin.com/bch",
                    "https://blockchair.com/bitcoin-cash",
                    "https://bch.tokenview.com/en",
                    "https://www.oklink.com/bch",
                    "https://bscscan.com/token/0x8ff795a6f4d97e7887c79bea79aba5cc76444adf"
                ],
                "reddit": [
                    "https://reddit.com/r/Bitcoincash"
                ],
                "technical_doc": [],
                "source_code": [
                    "https://gitlab.com/bitcoin-cash-node/"
                ],
                "announcement": [
                    "https://bitcointalk.org/index.php?topic=2040221.0"
                ]
            },
            "platform": null,
            "date_added": "2017-07-23T00:00:00.000Z",
            "twitter_username": "",
            "is_hidden": 0
        },
        "BNB": {
            "id": 1839,
            "name": "Binance Coin",
            "symbol": "BNB",
            "category": "coin",
            "description": "Binance Coin (BNB) is a cryptocurrency . Binance Coin has a current supply of 174,152,673 with 142,406,561 in circulation. The last known price of Binance Coin is 42.72463743 USD and is up 3.25 over the last 24 hours. It is currently trading on 455 active market(s) with $567,685,348.00 traded over the last 24 hours. More information can be found at https://www.binance.com/.",
            "slug": "binance-coin",
            "logo": "https://s2.coinmarketcap.com/static/img/coins/64x64/1839.png",
            "subreddit": "binance",
            "notice": "",
            "tags": [
                "marketplace",
                "payments"
            ],
            "tag-names": [
                "Marketplace",
                "Payments"
            ],
            "tag-groups": [
                "PROPERTY",
                "PROPERTY"
            ],
            "urls": {
                "website": [
                    "https://www.binance.com/"
                ],
                "twitter": [
                    "https://twitter.com/binance"
                ],
                "message_board": [],
                "chat": [
                    "https://t.me/binanceexchange"
                ],
                "explorer": [
                    "https://explorer.binance.org/",
                    "https://etherscan.io/token/0xB8c77482e45F1F44dE1745F52C74426C631bDD52",
                    "https://bscscan.com/token/0xbb4CdB9CBd36B01bD1cBaEBF2De08d9173bc095c",
                    "https://blockchair.com/ethereum/erc-20/token/0xb8c77482e45f1f44de1745f52c74426c631bdd52"
                ],
                "reddit": [
                    "https://reddit.com/r/binance"
                ],
                "technical_doc": [
                    "https://whitepaper.io/document/10/binance-whitepaper"
                ],
                "source_code": [],
                "announcement": []
            },
            "platform": null,
            "date_added": "2017-07-25T00:00:00.000Z",
            "twitter_username": "binance",
            "is_hidden": 0
        },
        "BSV": {
            "id": 3602,
            "name": "Bitcoin SV",
            "symbol": "BSV",
            "category": "coin",
            "description": "Bitcoin SV (BSV) is a cryptocurrency . Users are able to generate BSV through the process of mining. Bitcoin SV has a current supply of 18,626,514.14423905. The last known price of Bitcoin SV is 209.90773768 USD and is down -0.14 over the last 24 hours. It is currently trading on 217 active market(s) with $1,346,483,141.17 traded over the last 24 hours. More information can be found at https://bitcoinsv.com/.",
            "slug": "bitcoin-sv",
            "logo": "https://s2.coinmarketcap.com/static/img/coins/64x64/3602.png",
            "subreddit": "",
            "notice": "",
            "tags": [
                "mineable",
                "pow",
                "sha-256",
                "medium-of-exchange",
                "store-of-value",
                "state-channels"
            ],
            "tag-names": [
                "Mineable",
                "PoW",
                "SHA-256",
                "Medium of Exchange",
                "Store of Value",
                "State channels"
            ],
            "tag-groups": [
                "OTHER",
                "CONSENSUS_ALGORITHM",
                "CONSENSUS_ALGORITHM",
                "PROPERTY",
                "PROPERTY",
                "PROPERTY"
            ],
            "urls": {
                "website": [
                    "https://bitcoinsv.com/",
                    "https://bitcoinsv.io/"
                ],
                "twitter": [
                    "https://twitter.com/BitcoinAssn"
                ],
                "message_board": [],
                "chat": [],
                "explorer": [
                    "https://blockchair.com/bitcoin-sv",
                    "https://www.oklink.com/bsv",
                    "https://bchsv.tokenview.com/en/",
                    "https://explorer.viabtc.com/bsv"
                ],
                "reddit": [],
                "technical_doc": [],
                "source_code": [
                    "https://github.com/bitcoin-sv/bitcoin-sv"
                ],
                "announcement": [
                    "https://bitcoinsv.io/news/"
                ]
            },
            "platform": null,
            "date_added": "2018-11-09T00:00:00.000Z",
            "twitter_username": "BitcoinAssn",
            "is_hidden": 0
        },
        "BTC": {
            "id": 1,
            "name": "Bitcoin",
            "symbol": "BTC",
            "category": "coin",
            "description": "Bitcoin (BTC) is a cryptocurrency . Users are able to generate BTC through the process of mining. Bitcoin has a current supply of 18,601,875. The last known price of Bitcoin is 37,837.45774155 USD and is down -0.63 over the last 24 hours. It is currently trading on 9829 active market(s) with $72,939,402,549.27 traded over the last 24 hours. More information can be found at https://bitcoin.org/.",
            "slug": "bitcoin",
            "logo": "https://s2.coinmarketcap.com/static/img/coins/64x64/1.png",
            "subreddit": "bitcoin",
            "notice": "",
            "tags": [
                "mineable",
                "pow",
                "sha-256",
                "store-of-value",
                "state-channels"
            ],
            "tag-names": [
                "Mineable",
                "PoW",
                "SHA-256",
                "Store of Value",
                "State channels"
            ],
            "tag-groups": [
                "OTHER",
                "CONSENSUS_ALGORITHM",
                "CONSENSUS_ALGORITHM",
                "PROPERTY",
                "PROPERTY"
            ],
            "urls": {
                "website": [
                    "https://bitcoin.org/"
                ],
                "twitter": [],
                "message_board": [
                    "https://bitcointalk.org"
                ],
                "chat": [],
                "explorer": [
                    "https://blockchain.coinmarketcap.com/chain/bitcoin",
                    "https://blockchain.info/",
                    "https://live.blockcypher.com/btc/",
                    "https://blockchair.com/bitcoin",
                    "https://explorer.viabtc.com/btc"
                ],
                "reddit": [
                    "https://reddit.com/r/bitcoin"
                ],
                "technical_doc": [
                    "https://bitcoin.org/bitcoin.pdf"
                ],
                "source_code": [
                    "https://github.com/bitcoin/"
                ],
                "announcement": []
            },
            "platform": null,
            "date_added": "2013-04-28T00:00:00.000Z",
            "twitter_username": "",
            "is_hidden": 0
        },
        "DOT": {
            "id": 6636,
            "name": "Polkadot",
            "symbol": "DOT",
            "category": "coin",
            "description": "Polkadot (DOT) is a cryptocurrency . Polkadot has a current supply of 1,034,638,279.7188432 with 900,579,062.0278733 in circulation. The last known price of Polkadot is 15.64744825 USD and is up 11.06 over the last 24 hours. It is currently trading on 114 active market(s) with $6,143,538,245.23 traded over the last 24 hours. More information can be found at https://polkadot.network/.",
            "slug": "polkadot-new",
            "logo": "https://s2.coinmarketcap.com/static/img/coins/64x64/6636.png",
            "subreddit": "dot",
            "notice": "",
            "tags": [
                "substrate",
                "polkadot",
                "binance-chain"
            ],
            "tag-names": [
                "Substrate",
                "Polkadot",
                "Binance Chain"
            ],
            "tag-groups": [
                "PROPERTY",
                "PLATFORM",
                "PLATFORM"
            ],
            "urls": {
                "website": [
                    "https://polkadot.network/"
                ],
                "twitter": [
                    "https://twitter.com/Polkadot"
                ],
                "message_board": [
                    "https://medium.com/polkadot-network"
                ],
                "chat": [
                    "https://t.me/PolkadotOfficial"
                ],
                "explorer": [
                    "http://polkascan.io/",
                    "https://polkadot-cc1.subscan.io/",
                    "https://polkastats.io",
                    "https://hubble.figment.io/polkadot/chains/polkadot",
                    "https://bscscan.com/token/0x7083609fce4d1d8dc0c979aab8c869ea2c873402"
                ],
                "reddit": [
                    "https://reddit.com/r/dot"
                ],
                "technical_doc": [],
                "source_code": [
                    "https://github.com/w3f"
                ],
                "announcement": []
            },
            "platform": null,
            "date_added": "2020-08-19T00:00:00.000Z",
            "twitter_username": "Polkadot",
            "is_hidden": 0
        },
        "EOS": {
            "id": 1765,
            "name": "EOS",
            "symbol": "EOS",
            "category": "coin",
            "description": "EOS (EOS) is a cryptocurrency . EOS has a current supply of 1,026,216,952.1198 with 939,516,940.7429 in circulation. The last known price of EOS is 2.81619259 USD and is up 2.27 over the last 24 hours. It is currently trading on 476 active market(s) with $3,433,863,199.40 traded over the last 24 hours. More information can be found at https://eos.io/.",
            "slug": "eos",
            "logo": "https://s2.coinmarketcap.com/static/img/coins/64x64/1765.png",
            "subreddit": "EOS",
            "notice": "",
            "tags": [
                "medium-of-exchange",
                "enterprise-solutions",
                "smart-contracts",
                "binance-chain"
            ],
            "tag-names": [
                "Medium of Exchange",
                "Enterprise solutions",
                "Smart Contracts",
                "Binance Chain"
            ],
            "tag-groups": [
                "PROPERTY",
                "PROPERTY",
                "PROPERTY",
                "PLATFORM"
            ],
            "urls": {
                "website": [
                    "https://eos.io/"
                ],
                "twitter": [
                    "https://twitter.com/block_one_"
                ],
                "message_board": [],
                "chat": [
                    "https://t.me/joinchat/AAAAAEQbOeucnaMWN0A9dQ"
                ],
                "explorer": [
                    "https://bloks.io/",
                    "https://eosflare.io/",
                    "https://eospark.com/",
                    "https://www.eosx.io/?partner=coinmarketcap",
                    "https://bscscan.com/token/0x56b6fb708fc5732dec1afc8d8556423a2edccbd6"
                ],
                "reddit": [
                    "https://reddit.com/r/EOS"
                ],
                "technical_doc": [
                    "https://github.com/EOSIO/Documentation/blob/master/TechnicalWhitePaper.md"
                ],
                "source_code": [
                    "https://github.com/eosio"
                ],
                "announcement": [
                    "https://bitcointalk.org/index.php?topic=1904415.0"
                ]
            },
            "platform": null,
            "date_added": "2017-07-01T00:00:00.000Z",
            "twitter_username": "block_one_",
            "is_hidden": 0
        },
        "ETH": {
            "id": 1027,
            "name": "Ethereum",
            "symbol": "ETH",
            "category": "coin",
            "description": "Ethereum (ETH) is a cryptocurrency . Users are able to generate ETH through the process of mining. Ethereum has a current supply of 114,272,786.249. The last known price of Ethereum is 1,220.31562913 USD and is up 0.69 over the last 24 hours. It is currently trading on 6059 active market(s) with $35,486,157,884.50 traded over the last 24 hours. More information can be found at https://www.ethereum.org/.",
            "slug": "ethereum",
            "logo": "https://s2.coinmarketcap.com/static/img/coins/64x64/1027.png",
            "subreddit": "ethereum",
            "notice": "",
            "tags": [
                "mineable",
                "pow",
                "smart-contracts"
            ],
            "tag-names": [
                "Mineable",
                "PoW",
                "Smart Contracts"
            ],
            "tag-groups": [
                "OTHER",
                "CONSENSUS_ALGORITHM",
                "PROPERTY"
            ],
            "urls": {
                "website": [
                    "https://www.ethereum.org/"
                ],
                "twitter": [
                    "https://twitter.com/ethereum"
                ],
                "message_board": [
                    "https://forum.ethereum.org/"
                ],
                "chat": [
                    "https://gitter.im/orgs/ethereum/rooms"
                ],
                "explorer": [
                    "https://etherscan.io/",
                    "https://ethplorer.io/",
                    "https://blockchair.com/ethereum",
                    "https://bscscan.com/token/0x2170ed0880ac9a755fd29b2688956bd959f933f8",
                    "https://eth.tokenview.com/en/blocklist"
                ],
                "reddit": [
                    "https://reddit.com/r/ethereum"
                ],
                "technical_doc": [
                    "https://github.com/ethereum/wiki/wiki/White-Paper"
                ],
                "source_code": [
                    "https://github.com/ethereum"
                ],
                "announcement": [
                    "https://bitcointalk.org/index.php?topic=428589.0"
                ]
            },
            "platform": null,
            "date_added": "2015-08-07T00:00:00.000Z",
            "twitter_username": "ethereum",
            "is_hidden": 0
        },
        "LINK": {
            "id": 1975,
            "name": "Chainlink",
            "symbol": "LINK",
            "category": "token",
            "description": "Chainlink (LINK) is a cryptocurrency and operates on the Ethereum platform. Chainlink has a current supply of 1,000,000,000 with 401,509,556.4344444 in circulation. The last known price of Chainlink is 21.69900269 USD and is up 18.84 over the last 24 hours. It is currently trading on 433 active market(s) with $7,909,300,336.16 traded over the last 24 hours. More information can be found at https://chain.link/.",
            "slug": "chainlink",
            "logo": "https://s2.coinmarketcap.com/static/img/coins/64x64/1975.png",
            "subreddit": "chainlink",
            "notice": "",
            "tags": [
                "platform",
                "defi",
                "oracles",
                "smart-contracts",
                "substrate",
                "polkadot"
            ],
            "tag-names": [
                "Platform",
                "DeFi",
                "Oracles",
                "Smart Contracts",
                "Substrate",
                "Polkadot"
            ],
            "tag-groups": [
                "PROPERTY",
                "PROPERTY",
                "PROPERTY",
                "PROPERTY",
                "PROPERTY",
                "PLATFORM"
            ],
            "urls": {
                "website": [
                    "https://chain.link/",
                    "https://smartcontract.com/"
                ],
                "twitter": [
                    "https://twitter.com/chainlink"
                ],
                "message_board": [
                    "https://medium.com/chainlink",
                    "https://blog.chain.link/"
                ],
                "chat": [],
                "explorer": [
                    "https://etherscan.io/token/0x514910771af9ca656af840dff83e8264ecf986ca",
                    "https://ethplorer.io/address/0x514910771af9ca656af840dff83e8264ecf986ca",
                    "https://blockchair.com/ethereum/erc-20/token/0x514910771af9ca656af840dff83e8264ecf986ca",
                    "https://eth.tokenview.com/en/token/0x514910771af9ca656af840dff83e8264ecf986ca",
                    "https://bscscan.com/token/0xf8a0bf9cf54bb92f17374d9e9a321e6a111a51bd"
                ],
                "reddit": [
                    "https://reddit.com/r/chainlink"
                ],
                "technical_doc": [
                    "https://link.smartcontract.com/whitepaper"
                ],
                "source_code": [
                    "https://github.com/smartcontractkit/chainlink"
                ],
                "announcement": []
            },
            "platform": {
                "id": 1027,
                "name": "Ethereum",
                "symbol": "ETH",
                "slug": "ethereum",
                "token_address": "0x514910771af9ca656af840dff83e8264ecf986ca"
            },
            "date_added": "2017-09-20T00:00:00.000Z",
            "twitter_username": "chainlink",
            "is_hidden": 0
        },
        "LTC": {
            "id": 2,
            "name": "Litecoin",
            "symbol": "LTC",
            "category": "coin",
            "description": "Litecoin (LTC) is a cryptocurrency . Users are able to generate LTC through the process of mining. Litecoin has a current supply of 66,289,591.05005994. The last known price of Litecoin is 147.01413964 USD and is down -0.81 over the last 24 hours. It is currently trading on 745 active market(s) with $8,299,044,342.85 traded over the last 24 hours. More information can be found at https://litecoin.org/.",
            "slug": "litecoin",
            "logo": "https://s2.coinmarketcap.com/static/img/coins/64x64/2.png",
            "subreddit": "litecoin",
            "notice": "",
            "tags": [
                "mineable",
                "pow",
                "scrypt",
                "medium-of-exchange",
                "binance-chain"
            ],
            "tag-names": [
                "Mineable",
                "PoW",
                "Scrypt",
                "Medium of Exchange",
                "Binance Chain"
            ],
            "tag-groups": [
                "OTHER",
                "CONSENSUS_ALGORITHM",
                "CONSENSUS_ALGORITHM",
                "PROPERTY",
                "PLATFORM"
            ],
            "urls": {
                "website": [
                    "https://litecoin.org/"
                ],
                "twitter": [
                    "https://twitter.com/LitecoinProject"
                ],
                "message_board": [
                    "https://litecointalk.io/",
                    "https://litecoin-foundation.org/"
                ],
                "chat": [
                    "https://telegram.me/litecoin"
                ],
                "explorer": [
                    "https://blockchair.com/litecoin",
                    "https://chainz.cryptoid.info/ltc/",
                    "http://explorer.litecoin.net/chain/Litecoin",
                    "https://ltc.tokenview.com/en",
                    "https://bscscan.com/token/0x4338665cbb7b2485a8855a139b75d5e34ab0db94"
                ],
                "reddit": [
                    "https://reddit.com/r/litecoin"
                ],
                "technical_doc": [],
                "source_code": [
                    "https://github.com/litecoin-project/litecoin"
                ],
                "announcement": [
                    "https://bitcointalk.org/index.php?topic=47417.0"
                ]
            },
            "platform": null,
            "date_added": "2013-04-28T00:00:00.000Z",
            "twitter_username": "LitecoinProject",
            "is_hidden": 0
        },
        "TRX": {
            "id": 1958,
            "name": "TRON",
            "symbol": "TRX",
            "category": "coin",
            "description": "TRON (TRX) is a cryptocurrency . TRON has a current supply of 100,850,743,811.66246 with 71,659,657,369.49 in circulation. The last known price of TRON is 0.03068723 USD and is up 2.45 over the last 24 hours. It is currently trading on 492 active market(s) with $1,479,534,442.06 traded over the last 24 hours. More information can be found at https://tron.network/.",
            "slug": "tron",
            "logo": "https://s2.coinmarketcap.com/static/img/coins/64x64/1958.png",
            "subreddit": "Tronix",
            "notice": "",
            "tags": [
                "media",
                "payments"
            ],
            "tag-names": [
                "Media",
                "Payments"
            ],
            "tag-groups": [
                "PROPERTY",
                "PROPERTY"
            ],
            "urls": {
                "website": [
                    "https://tron.network/"
                ],
                "twitter": [
                    "https://twitter.com/justinsuntron"
                ],
                "message_board": [
                    "https://medium.com/@Tronfoundation"
                ],
                "chat": [
                    "http://t.me/tronnetworkEN"
                ],
                "explorer": [
                    "https://tronscan.org/#/",
                    "https://www.trxplorer.io/",
                    "https://trx.tokenview.com/en"
                ],
                "reddit": [
                    "https://reddit.com/r/Tronix"
                ],
                "technical_doc": [
                    "https://developers.tron.network/docs"
                ],
                "source_code": [
                    "https://github.com/tronprotocol"
                ],
                "announcement": []
            },
            "platform": null,
            "date_added": "2017-09-13T00:00:00.000Z",
            "twitter_username": "justinsuntron",
            "is_hidden": 0
        },
        "UNI": {
            "id": 4113,
            "name": "UNI COIN",
            "symbol": "UNI",
            "category": "token",
            "description": "UNI COIN (UNI) is a cryptocurrency and operates on the Ethereum platform. UNI COIN has a current supply of 0. The last known price of UNI COIN is 0.49802814 USD and is down -0.04 over the last 24 hours. More information can be found at https://www.uni-c.io.",
            "slug": "uni-coin",
            "logo": "https://s2.coinmarketcap.com/static/img/coins/64x64/4113.png",
            "subreddit": "",
            "notice": "",
            "tags": [
                "medium-of-exchange"
            ],
            "tag-names": [
                "Medium of Exchange"
            ],
            "tag-groups": [
                "PROPERTY"
            ],
            "urls": {
                "website": [
                    "https://www.uni-c.io"
                ],
                "twitter": [
                    "https://twitter.com/UNICOIN_GROUP"
                ],
                "message_board": [],
                "chat": [
                    "https://t.me/unicoingroup"
                ],
                "explorer": [
                    "https://etherscan.io/token/0xe6877ea9c28fbdec631ffbc087956d0023a76bf2",
                    "https://ethplorer.io/address/0xe6877ea9c28fbdec631ffbc087956d0023a76bf2"
                ],
                "reddit": [],
                "technical_doc": [
                    "https://www.uni-c.io/wp/UNI-Whitepaper_EN.pdf"
                ],
                "source_code": [],
                "announcement": []
            },
            "platform": {
                "id": 1027,
                "name": "Ethereum",
                "symbol": "ETH",
                "slug": "ethereum",
                "token_address": "0xe6877ea9c28fbdec631ffbc087956d0023a76bf2"
            },
            "date_added": "2019-07-17T00:00:00.000Z",
            "twitter_username": "UNICOIN_GROUP",
            "is_hidden": 0
        },
        "USDC": {
            "id": 3408,
            "name": "USD Coin",
            "symbol": "USDC",
            "category": "token",
            "description": "USD Coin (USDC) is a cryptocurrency and operates on the Ethereum platform. USD Coin has a current supply of 4,995,084,222.076185 with 4,910,949,721.882449 in circulation. The last known price of USD Coin is 1.00015687 USD and is up 0.03 over the last 24 hours. It is currently trading on 687 active market(s) with $1,985,227,293.43 traded over the last 24 hours. More information can be found at https://www.centre.io/usdc.",
            "slug": "usd-coin",
            "logo": "https://s2.coinmarketcap.com/static/img/coins/64x64/3408.png",
            "subreddit": "",
            "notice": "",
            "tags": [
                "medium-of-exchange",
                "stablecoin",
                "stablecoin-asset-backed"
            ],
            "tag-names": [
                "Medium of Exchange",
                "Stablecoin",
                "Stablecoin - Asset-Backed"
            ],
            "tag-groups": [
                "PROPERTY",
                "PROPERTY",
                "PROPERTY"
            ],
            "urls": {
                "website": [
                    "https://www.centre.io/usdc"
                ],
                "twitter": [],
                "message_board": [
                    "https://medium.com/centre-blog"
                ],
                "chat": [],
                "explorer": [
                    "https://etherscan.io/token/0xa0b86991c6218b36c1d19d4a2e9eb0ce3606eb48",
                    "https://ethplorer.io/address/0xa0b86991c6218b36c1d19d4a2e9eb0ce3606eb48",
                    "https://eth.tokenview.com/en/token/0xa0b86991c6218b36c1d19d4a2e9eb0ce3606eb48",
                    "https://bscscan.com/token/0x8ac76a51cc950d9822d68b83fe1ad97b32cd580d",
                    "https://algoexplorer.io/asset/312769"
                ],
                "reddit": [],
                "technical_doc": [
                    "https://www.centre.io/pdfs/centre-whitepaper.pdf"
                ],
                "source_code": [
                    "https://github.com/centrehq/centre-tokens"
                ],
                "announcement": [
                    "https://blog.circle.com/2018/09/26/introducing-usd-coin/"
                ]
            },
            "platform": {
                "id": 1027,
                "name": "Ethereum",
                "symbol": "ETH",
                "slug": "ethereum",
                "token_address": "0xa0b86991c6218b36c1d19d4a2e9eb0ce3606eb48"
            },
            "date_added": "2018-10-08T00:00:00.000Z",
            "twitter_username": "",
            "is_hidden": 0
        },
        "USDT": {
            "id": 825,
            "name": "Tether",
            "symbol": "USDT",
            "category": "token",
            "description": "Tether (USDT) is a cryptocurrency launched in 2015and operates on the Ethereum platform. Tether has a current supply of 25,131,104,623.125328 with 24,290,132,870.86423 in circulation. The last known price of Tether is 1.00035764 USD and is up 0.17 over the last 24 hours. It is currently trading on 10051 active market(s) with $114,359,242,042.80 traded over the last 24 hours. More information can be found at https://tether.to.",
            "slug": "tether",
            "logo": "https://s2.coinmarketcap.com/static/img/coins/64x64/825.png",
            "subreddit": "",
            "notice": "",
            "tags": [
                "store-of-value",
                "payments",
                "stablecoin",
                "stablecoin-asset-backed"
            ],
            "tag-names": [
                "Store of Value",
                "Payments",
                "Stablecoin",
                "Stablecoin - Asset-Backed"
            ],
            "tag-groups": [
                "PROPERTY",
                "PROPERTY",
                "PROPERTY",
                "PROPERTY"
            ],
            "urls": {
                "website": [
                    "https://tether.to"
                ],
                "twitter": [
                    "https://twitter.com/tether_to"
                ],
                "message_board": [],
                "chat": [],
                "explorer": [
                    "https://www.omniexplorer.info/asset/31",
                    "https://etherscan.io/token/0xdac17f958d2ee523a2206206994597c13d831ec7",
                    "https://algoexplorer.io/asset/312769",
                    "https://tronscan.org/#/token20/TR7NHqjeKQxGTCi8q8ZY4pL8otSzgjLj6t",
                    "https://bscscan.com/token/0x55d398326f99059ff775485246999027b3197955"
                ],
                "reddit": [],
                "technical_doc": [
                    "https://tether.to/wp-content/uploads/2016/06/TetherWhitePaper.pdf"
                ],
                "source_code": [],
                "announcement": []
            },
            "platform": {
                "id": 1027,
                "name": "Ethereum",
                "symbol": "ETH",
                "slug": "ethereum",
                "token_address": "0xdac17f958d2ee523a2206206994597c13d831ec7"
            },
            "date_added": "2015-02-25T00:00:00.000Z",
            "twitter_username": "tether_to",
            "is_hidden": 0
        },
        "WBTC": {
            "id": 4666,
            "name": "WorldBTC",
            "symbol": "WBTC",
            "category": "coin",
            "description": null,
            "slug": "worldbtc",
            "logo": "https://s2.coinmarketcap.com/static/img/coins/64x64/4666.png",
            "subreddit": "",
            "notice": "",
            "tags": null,
            "tag-names": null,
            "tag-groups": null,
            "urls": {
                "website": [
                    "https://wbtcreborn.pw/"
                ],
                "twitter": [
                    "https://twitter.com/RebornWbtc"
                ],
                "message_board": [],
                "chat": [],
                "explorer": [
                    "http://explorer.wbtcreborn.pw:3001"
                ],
                "reddit": [],
                "technical_doc": [],
                "source_code": [
                    "https://github.com/WBTC-Reborn/WBTC-Reborn-source"
                ],
                "announcement": [
                    "https://bitcointalk.org/index.php?topic=5094627.0"
                ]
            },
            "platform": null,
            "date_added": "2019-09-17T00:00:00.000Z",
            "twitter_username": "RebornWbtc",
            "is_hidden": 0
        },
        "XLM": {
            "id": 512,
            "name": "Stellar",
            "symbol": "XLM",
            "category": "coin",
            "description": "Stellar (XLM) is a cryptocurrency . Stellar has a current supply of 50,001,803,555.87172 with 22,095,601,010.959892 in circulation. The last known price of Stellar is 0.29512958 USD and is up 0.71 over the last 24 hours. It is currently trading on 335 active market(s) with $1,447,519,980.86 traded over the last 24 hours. More information can be found at https://www.stellar.org.",
            "slug": "stellar",
            "logo": "https://s2.coinmarketcap.com/static/img/coins/64x64/512.png",
            "subreddit": "stellar",
            "notice": "",
            "tags": [
                "medium-of-exchange",
                "enterprise-solutions",
                "decentralized-exchange",
                "smart-contracts"
            ],
            "tag-names": [
                "Medium of Exchange",
                "Enterprise solutions",
                "Decentralized exchange",
                "Smart Contracts"
            ],
            "tag-groups": [
                "PROPERTY",
                "PROPERTY",
                "PROPERTY",
                "PROPERTY"
            ],
            "urls": {
                "website": [
                    "https://www.stellar.org"
                ],
                "twitter": [
                    "https://twitter.com/StellarOrg"
                ],
                "message_board": [
                    "https://stellarcommunity.org/",
                    "https://galactictalk.org/"
                ],
                "chat": [
                    "http://slack.stellar.org/"
                ],
                "explorer": [
                    "https://dashboard.stellar.org/",
                    "https://stellar.expert/explorer/public/",
                    "https://steexp.com/",
                    "https://blockchair.com/stellar"
                ],
                "reddit": [
                    "https://reddit.com/r/stellar"
                ],
                "technical_doc": [
                    "https://www.stellar.org/papers/stellar-consensus-protocol.pdf"
                ],
                "source_code": [
                    "https://github.com/stellar"
                ],
                "announcement": [
                    "https://bitcointalk.org/index.php?topic=1428573.0"
                ]
            },
            "platform": null,
            "date_added": "2014-08-05T00:00:00.000Z",
            "twitter_username": "StellarOrg",
            "is_hidden": 0
        },
        "XMR": {
            "id": 328,
            "name": "Monero",
            "symbol": "XMR",
            "category": "coin",
            "description": "Monero (XMR) is a cryptocurrency . Users are able to generate XMR through the process of mining. Monero has a current supply of 17,814,474.27227995. The last known price of Monero is 161.62461017 USD and is down -2.01 over the last 24 hours. It is currently trading on 187 active market(s) with $1,656,547,690.99 traded over the last 24 hours. More information can be found at https://ww.getmonero.org/.",
            "slug": "monero",
            "logo": "https://s2.coinmarketcap.com/static/img/coins/64x64/328.png",
            "subreddit": "monero",
            "notice": "",
            "tags": [
                "mineable",
                "pow",
                "medium-of-exchange",
                "ringct"
            ],
            "tag-names": [
                "Mineable",
                "PoW",
                "Medium of Exchange",
                "RingCT"
            ],
            "tag-groups": [
                "OTHER",
                "CONSENSUS_ALGORITHM",
                "PROPERTY",
                "PROPERTY"
            ],
            "urls": {
                "website": [
                    "https://ww.getmonero.org/"
                ],
                "twitter": [
                    "https://twitter.com/monero"
                ],
                "message_board": [
                    "https://forum.getmonero.org/",
                    "https://forum.monero.space/"
                ],
                "chat": [
                    "https://telegram.me/monero"
                ],
                "explorer": [
                    "http://moneroblocks.info/",
                    "http://chainradar.com/xmr/blocks",
                    "https://xmr.tokenview.com/",
                    "https://blockchair.com/monero"
                ],
                "reddit": [
                    "https://reddit.com/r/monero"
                ],
                "technical_doc": [
                    "https://github.com/monero-project/research-lab/blob/master/whitepaper/whitepaper.pdf"
                ],
                "source_code": [
                    "https://github.com/monero-project/monero"
                ],
                "announcement": [
                    "https://bitcointalk.org/index.php?topic=583449.0"
                ]
            },
            "platform": null,
            "date_added": "2014-05-21T00:00:00.000Z",
            "twitter_username": "monero",
            "is_hidden": 0
        },
        "XRP": {
            "id": 52,
            "name": "XRP",
            "symbol": "XRP",
            "category": "coin",
            "description": "XRP (XRP) is a cryptocurrency . XRP has a current supply of 99,990,831,162 with 45,404,028,640 in circulation. The last known price of XRP is 0.28805556 USD and is down -0.93 over the last 24 hours. It is currently trading on 680 active market(s) with $4,663,638,489.36 traded over the last 24 hours. More information can be found at https://ripple.com/xrp/.",
            "slug": "xrp",
            "logo": "https://s2.coinmarketcap.com/static/img/coins/64x64/52.png",
            "subreddit": "ripple",
            "notice": "",
            "tags": [
                "medium-of-exchange",
                "enterprise-solutions",
                "binance-chain"
            ],
            "tag-names": [
                "Medium of Exchange",
                "Enterprise solutions",
                "Binance Chain"
            ],
            "tag-groups": [
                "PROPERTY",
                "PROPERTY",
                "PLATFORM"
            ],
            "urls": {
                "website": [
                    "https://ripple.com/xrp/"
                ],
                "twitter": [
                    "https://twitter.com/Ripple"
                ],
                "message_board": [
                    "http://www.xrpchat.com/"
                ],
                "chat": [
                    "https://t.me/Ripple"
                ],
                "explorer": [
                    "https://xrpcharts.ripple.com/#/graph/",
                    "https://bithomp.com/explorer/",
                    "https://xrpscan.com/",
                    "https://blockchair.com/ripple",
                    "https://bscscan.com/token/0x1d2f0da169ceb9fc7b3144628db156f3f6c60dbe"
                ],
                "reddit": [
                    "https://reddit.com/r/ripple"
                ],
                "technical_doc": [
                    "https://ripple.com/files/ripple_consensus_whitepaper.pdf"
                ],
                "source_code": [
                    "https://github.com/ripple"
                ],
                "announcement": []
            },
            "platform": null,
            "date_added": "2013-08-04T00:00:00.000Z",
            "twitter_username": "Ripple",
            "is_hidden": 0
        },
        "XTZ": {
            "id": 2011,
            "name": "Tezos",
            "symbol": "XTZ",
            "category": "coin",
            "description": "Tezos (XTZ) is a cryptocurrency launched in 2018. Tezos has a current supply of 756,924,858.106945. The last known price of Tezos is 2.96063605 USD and is up 11.91 over the last 24 hours. It is currently trading on 160 active market(s) with $714,974,608.30 traded over the last 24 hours. More information can be found at https://www.tezos.com/.",
            "slug": "tezos",
            "logo": "https://s2.coinmarketcap.com/static/img/coins/64x64/2011.png",
            "subreddit": "tezos",
            "notice": "",
            "tags": [
                "platform",
                "enterprise-solutions",
                "smart-contracts",
                "binance-chain"
            ],
            "tag-names": [
                "Platform",
                "Enterprise solutions",
                "Smart Contracts",
                "Binance Chain"
            ],
            "tag-groups": [
                "PROPERTY",
                "PROPERTY",
                "PROPERTY",
                "PLATFORM"
            ],
            "urls": {
                "website": [
                    "https://www.tezos.com/"
                ],
                "twitter": [
                    "https://twitter.com/tezos"
                ],
                "message_board": [
                    "https://forum.tezosagora.org/"
                ],
                "chat": [
                    "https://t.me/tezosplatform",
                    "https://riot.tzchat.org/"
                ],
                "explorer": [
                    "https://tzstats.com/",
                    "https://tezblock.io/",
                    "https://tezos.id/",
                    "https://tzkt.io/",
                    "https://bscscan.com/token/0x16939ef78684453bfdfb47825f8a5f714f12623a"
                ],
                "reddit": [
                    "https://reddit.com/r/tezos"
                ],
                "technical_doc": [
                    "https://tezos.gitlab.io/"
                ],
                "source_code": [
                    "https://gitlab.com/tezos/tezos"
                ],
                "announcement": [
                    "https://discord.gg/e6dCF7B"
                ]
            },
            "platform": null,
            "date_added": "2017-10-06T00:00:00.000Z",
            "twitter_username": "tezos",
            "is_hidden": 0
        }
    }
}